#
# There is insufficient memory for the Java Runtime Environment to continue.
# Native memory allocation (malloc) failed to allocate 3495536 bytes for Chunk::new
# Possible reasons:
#   The system is out of physical RAM or swap space
#   In 32 bit mode, the process size limit was hit
# Possible solutions:
#   Reduce memory load on the system
#   Increase physical memory or swap space
#   Check if swap backing store is full
#   Use 64 bit Java on a 64 bit OS
#   Decrease Java heap size (-Xmx/-Xms)
#   Decrease number of Java threads
#   Decrease Java thread stack sizes (-Xss)
#   Set larger code cache with -XX:ReservedCodeCacheSize=
# This output file may be truncated or incomplete.
#
#  Out of Memory Error (allocation.cpp:390), pid=18000, tid=0x00000000000004a0
#
# JRE version: Java(TM) SE Runtime Environment (8.0_144-b01) (build 1.8.0_144-b01)
# Java VM: Java HotSpot(TM) 64-Bit Server VM (25.144-b01 mixed mode windows-amd64 compressed oops)
# Failed to write core dump. Minidumps are not enabled by default on client versions of Windows
#

---------------  T H R E A D  ---------------

Current thread (0x000000001b88b800):  JavaThread "C2 CompilerThread1" daemon [_thread_in_native, id=1184, stack(0x000000001c430000,0x000000001c530000)]

Stack: [0x000000001c430000,0x000000001c530000]
[error occurred during error reporting (printing stack bounds), id 0xc0000005]

Native frames: (J=compiled Java code, j=interpreted, Vv=VM code, C=native code)


Current CompileTask:
C2:   3710 2521   !   4       java.net.URLClassLoader$1::run (63 bytes)


---------------  P R O C E S S  ---------------

Java Threads: ( => current thread )
  0x000000001b920000 JavaThread "Service Thread" daemon [_thread_blocked, id=10876, stack(0x000000001c730000,0x000000001c830000)]
  0x000000001b88d000 JavaThread "C1 CompilerThread3" daemon [_thread_blocked, id=22088, stack(0x000000001c630000,0x000000001c730000)]
  0x000000001b88c800 JavaThread "C2 CompilerThread2" daemon [_thread_in_native, id=14600, stack(0x000000001c530000,0x000000001c630000)]
=>0x000000001b88b800 JavaThread "C2 CompilerThread1" daemon [_thread_in_native, id=1184, stack(0x000000001c430000,0x000000001c530000)]
  0x000000001b884000 JavaThread "C2 CompilerThread0" daemon [_thread_in_native, id=19496, stack(0x000000001c330000,0x000000001c430000)]
  0x000000001b875000 JavaThread "JDWP Command Reader" daemon [_thread_in_native, id=6656, stack(0x000000001c230000,0x000000001c330000)]
  0x000000001b874000 JavaThread "JDWP Event Helper Thread" daemon [_thread_blocked, id=17460, stack(0x000000001c130000,0x000000001c230000)]
  0x000000001b870800 JavaThread "JDWP Transport Listener: dt_socket" daemon [_thread_blocked, id=16580, stack(0x000000001c030000,0x000000001c130000)]
  0x000000001b85c000 JavaThread "Attach Listener" daemon [_thread_blocked, id=10244, stack(0x000000001bf30000,0x000000001c030000)]
  0x000000001b808000 JavaThread "Signal Dispatcher" daemon [_thread_blocked, id=2720, stack(0x000000001be30000,0x000000001bf30000)]
  0x000000000492e800 JavaThread "Finalizer" daemon [_thread_blocked, id=7256, stack(0x000000001bbd0000,0x000000001bcd0000)]
  0x0000000004927000 JavaThread "Reference Handler" daemon [_thread_blocked, id=10440, stack(0x000000001b6d0000,0x000000001b7d0000)]
  0x00000000044de800 JavaThread "main" [_thread_in_vm, id=316, stack(0x00000000043a0000,0x00000000044a0000)]

Other Threads:
  0x00000000198da000 VMThread [stack: 0x000000001b5d0000,0x000000001b6d0000] [id=13776]
  0x000000001b97e000 WatcherThread [stack: 0x000000001c830000,0x000000001c930000] [id=4560]

VM state:not at safepoint (normal execution)

VM Mutex/Monitor currently owned by a thread: None

Heap:
 PSYoungGen      total 38400K, used 15126K [0x00000000d5f00000, 0x00000000daa00000, 0x0000000100000000)
  eden space 33280K, 30% used [0x00000000d5f00000,0x00000000d68c9be8,0x00000000d7f80000)
  from space 5120K, 99% used [0x00000000d7f80000,0x00000000d847c010,0x00000000d8480000)
  to   space 5120K, 0% used [0x00000000d8480000,0x00000000d8480000,0x00000000d8980000)
 ParOldGen       total 87552K, used 9435K [0x0000000081c00000, 0x0000000087180000, 0x00000000d5f00000)
  object space 87552K, 10% used [0x0000000081c00000,0x0000000082536f70,0x0000000087180000)
 Metaspace       used 16594K, capacity 17090K, committed 17280K, reserved 1064960K
  class space    used 1947K, capacity 2099K, committed 2176K, reserved 1048576K

Card table byte_map: [0x0000000013cf0000,0x00000000140f0000] byte_map_base: 0x00000000138e2000

Marking Bits: (ParMarkBitMap*) 0x000000005610d850
 Begin Bits: [0x0000000014ba0000, 0x0000000016b30000)
 End Bits:   [0x0000000016b30000, 0x0000000018ac0000)

Polling page: 0x00000000027f0000

CodeCache: size=245760Kb used=10987Kb max_used=10989Kb free=234773Kb
 bounds [0x0000000004930000, 0x0000000005400000, 0x0000000013930000]
 total_blobs=3352 nmethods=3013 adapters=259
 compilation: enabled

Compilation events (10 events):
Event: 3.697 Thread 0x000000001b88c800 2687       4       java.util.StringTokenizer::nextToken (92 bytes)
Event: 3.698 Thread 0x000000001b88d000 nmethod 3024 0x00000000053f1910 code [0x00000000053f1b20, 0x00000000053f2608]
Event: 3.698 Thread 0x000000001b88d000 3023       3       java.io.File::getAbsoluteFile (21 bytes)
Event: 3.698 Thread 0x000000001b88d000 nmethod 3023 0x00000000053f1250 code [0x00000000053f13e0, 0x00000000053f1778]
Event: 3.698 Thread 0x000000001b88d000 3025   !   3       org.codehaus.plexus.classworlds.realm.ClassRealm::loadClassFromSelf (40 bytes)
Event: 3.698 Thread 0x000000001b88d000 nmethod 3025 0x00000000053f0710 code [0x00000000053f08c0, 0x00000000053f0f78]
Event: 3.698 Thread 0x000000001b88d000 3026       3       org.codehaus.plexus.classworlds.realm.ClassRealm::getClassRealmLoadingLock (14 bytes)
Event: 3.698 Thread 0x000000001b88d000 nmethod 3026 0x00000000053f02d0 code [0x00000000053f0440, 0x00000000053f0668]
Event: 3.702 Thread 0x000000001b88d000 3027       3       java.util.Collections$UnmodifiableList::get (11 bytes)
Event: 3.703 Thread 0x000000001b88d000 nmethod 3027 0x00000000053efe90 code [0x00000000053f0000, 0x00000000053f0228]

GC Heap History (10 events):
Event: 1.015 GC heap before
{Heap before GC invocations=1 (full 0):
 PSYoungGen      total 38400K, used 33280K [0x00000000d5f00000, 0x00000000d8980000, 0x0000000100000000)
  eden space 33280K, 100% used [0x00000000d5f00000,0x00000000d7f80000,0x00000000d7f80000)
  from space 5120K, 0% used [0x00000000d8480000,0x00000000d8480000,0x00000000d8980000)
  to   space 5120K, 0% used [0x00000000d7f80000,0x00000000d7f80000,0x00000000d8480000)
 ParOldGen       total 87552K, used 0K [0x0000000081c00000, 0x0000000087180000, 0x00000000d5f00000)
  object space 87552K, 0% used [0x0000000081c00000,0x0000000081c00000,0x0000000087180000)
 Metaspace       used 7929K, capacity 8104K, committed 8192K, reserved 1056768K
  class space    used 980K, capacity 1020K, committed 1024K, reserved 1048576K
Event: 1.021 GC heap after
Heap after GC invocations=1 (full 0):
 PSYoungGen      total 38400K, used 4911K [0x00000000d5f00000, 0x00000000d8980000, 0x0000000100000000)
  eden space 33280K, 0% used [0x00000000d5f00000,0x00000000d5f00000,0x00000000d7f80000)
  from space 5120K, 95% used [0x00000000d7f80000,0x00000000d844bdd8,0x00000000d8480000)
  to   space 5120K, 0% used [0x00000000d8480000,0x00000000d8480000,0x00000000d8980000)
 ParOldGen       total 87552K, used 8K [0x0000000081c00000, 0x0000000087180000, 0x00000000d5f00000)
  object space 87552K, 0% used [0x0000000081c00000,0x0000000081c02000,0x0000000087180000)
 Metaspace       used 7929K, capacity 8104K, committed 8192K, reserved 1056768K
  class space    used 980K, capacity 1020K, committed 1024K, reserved 1048576K
}
Event: 1.723 GC heap before
{Heap before GC invocations=2 (full 0):
 PSYoungGen      total 38400K, used 38191K [0x00000000d5f00000, 0x00000000d8980000, 0x0000000100000000)
  eden space 33280K, 100% used [0x00000000d5f00000,0x00000000d7f80000,0x00000000d7f80000)
  from space 5120K, 95% used [0x00000000d7f80000,0x00000000d844bdd8,0x00000000d8480000)
  to   space 5120K, 0% used [0x00000000d8480000,0x00000000d8480000,0x00000000d8980000)
 ParOldGen       total 87552K, used 8K [0x0000000081c00000, 0x0000000087180000, 0x00000000d5f00000)
  object space 87552K, 0% used [0x0000000081c00000,0x0000000081c02000,0x0000000087180000)
 Metaspace       used 11704K, capacity 11924K, committed 12160K, reserved 1060864K
  class space    used 1455K, capacity 1544K, committed 1664K, reserved 1048576K
Event: 1.730 GC heap after
Heap after GC invocations=2 (full 0):
 PSYoungGen      total 38400K, used 5110K [0x00000000d5f00000, 0x00000000d8980000, 0x0000000100000000)
  eden space 33280K, 0% used [0x00000000d5f00000,0x00000000d5f00000,0x00000000d7f80000)
  from space 5120K, 99% used [0x00000000d8480000,0x00000000d897db60,0x00000000d8980000)
  to   space 5120K, 0% used [0x00000000d7f80000,0x00000000d7f80000,0x00000000d8480000)
 ParOldGen       total 87552K, used 2083K [0x0000000081c00000, 0x0000000087180000, 0x00000000d5f00000)
  object space 87552K, 2% used [0x0000000081c00000,0x0000000081e08c68,0x0000000087180000)
 Metaspace       used 11704K, capacity 11924K, committed 12160K, reserved 1060864K
  class space    used 1455K, capacity 1544K, committed 1664K, reserved 1048576K
}
Event: 2.537 GC heap before
{Heap before GC invocations=3 (full 0):
 PSYoungGen      total 38400K, used 38390K [0x00000000d5f00000, 0x00000000d8980000, 0x0000000100000000)
  eden space 33280K, 100% used [0x00000000d5f00000,0x00000000d7f80000,0x00000000d7f80000)
  from space 5120K, 99% used [0x00000000d8480000,0x00000000d897db60,0x00000000d8980000)
  to   space 5120K, 0% used [0x00000000d7f80000,0x00000000d7f80000,0x00000000d8480000)
 ParOldGen       total 87552K, used 2083K [0x0000000081c00000, 0x0000000087180000, 0x00000000d5f00000)
  object space 87552K, 2% used [0x0000000081c00000,0x0000000081e08c68,0x0000000087180000)
 Metaspace       used 14957K, capacity 15246K, committed 15488K, reserved 1062912K
  class space    used 1814K, capacity 1911K, committed 1920K, reserved 1048576K
Event: 2.545 GC heap after
Heap after GC invocations=3 (full 0):
 PSYoungGen      total 38400K, used 5096K [0x00000000d5f00000, 0x00000000d8980000, 0x0000000100000000)
  eden space 33280K, 0% used [0x00000000d5f00000,0x00000000d5f00000,0x00000000d7f80000)
  from space 5120K, 99% used [0x00000000d7f80000,0x00000000d847a040,0x00000000d8480000)
  to   space 5120K, 0% used [0x00000000d8480000,0x00000000d8480000,0x00000000d8980000)
 ParOldGen       total 87552K, used 4654K [0x0000000081c00000, 0x0000000087180000, 0x00000000d5f00000)
  object space 87552K, 5% used [0x0000000081c00000,0x000000008208b898,0x0000000087180000)
 Metaspace       used 14957K, capacity 15246K, committed 15488K, reserved 1062912K
  class space    used 1814K, capacity 1911K, committed 1920K, reserved 1048576K
}
Event: 3.030 GC heap before
{Heap before GC invocations=4 (full 0):
 PSYoungGen      total 38400K, used 38376K [0x00000000d5f00000, 0x00000000d8980000, 0x0000000100000000)
  eden space 33280K, 100% used [0x00000000d5f00000,0x00000000d7f80000,0x00000000d7f80000)
  from space 5120K, 99% used [0x00000000d7f80000,0x00000000d847a040,0x00000000d8480000)
  to   space 5120K, 0% used [0x00000000d8480000,0x00000000d8480000,0x00000000d8980000)
 ParOldGen       total 87552K, used 4654K [0x0000000081c00000, 0x0000000087180000, 0x00000000d5f00000)
  object space 87552K, 5% used [0x0000000081c00000,0x000000008208b898,0x0000000087180000)
 Metaspace       used 15485K, capacity 15756K, committed 16128K, reserved 1062912K
  class space    used 1848K, capacity 1952K, committed 2048K, reserved 1048576K
Event: 3.042 GC heap after
Heap after GC invocations=4 (full 0):
 PSYoungGen      total 38400K, used 5096K [0x00000000d5f00000, 0x00000000daa00000, 0x0000000100000000)
  eden space 33280K, 0% used [0x00000000d5f00000,0x00000000d5f00000,0x00000000d7f80000)
  from space 5120K, 99% used [0x00000000d8480000,0x00000000d897a020,0x00000000d8980000)
  to   space 5120K, 0% used [0x00000000d7f80000,0x00000000d7f80000,0x00000000d8480000)
 ParOldGen       total 87552K, used 6999K [0x0000000081c00000, 0x0000000087180000, 0x00000000d5f00000)
  object space 87552K, 7% used [0x0000000081c00000,0x00000000822d5f08,0x0000000087180000)
 Metaspace       used 15485K, capacity 15756K, committed 16128K, reserved 1062912K
  class space    used 1848K, capacity 1952K, committed 2048K, reserved 1048576K
}
Event: 3.564 GC heap before
{Heap before GC invocations=5 (full 0):
 PSYoungGen      total 38400K, used 38376K [0x00000000d5f00000, 0x00000000daa00000, 0x0000000100000000)
  eden space 33280K, 100% used [0x00000000d5f00000,0x00000000d7f80000,0x00000000d7f80000)
  from space 5120K, 99% used [0x00000000d8480000,0x00000000d897a020,0x00000000d8980000)
  to   space 5120K, 0% used [0x00000000d7f80000,0x00000000d7f80000,0x00000000d8480000)
 ParOldGen       total 87552K, used 6999K [0x0000000081c00000, 0x0000000087180000, 0x00000000d5f00000)
  object space 87552K, 7% used [0x0000000081c00000,0x00000000822d5f08,0x0000000087180000)
 Metaspace       used 16428K, capacity 16854K, committed 17280K, reserved 1064960K
  class space    used 1932K, capacity 2059K, committed 2176K, reserved 1048576K
Event: 3.575 GC heap after
Heap after GC invocations=5 (full 0):
 PSYoungGen      total 38400K, used 5104K [0x00000000d5f00000, 0x00000000daa00000, 0x0000000100000000)
  eden space 33280K, 0% used [0x00000000d5f00000,0x00000000d5f00000,0x00000000d7f80000)
  from space 5120K, 99% used [0x00000000d7f80000,0x00000000d847c010,0x00000000d8480000)
  to   space 5120K, 0% used [0x00000000d8480000,0x00000000d8480000,0x00000000d8980000)
 ParOldGen       total 87552K, used 9435K [0x0000000081c00000, 0x0000000087180000, 0x00000000d5f00000)
  object space 87552K, 10% used [0x0000000081c00000,0x0000000082536f70,0x0000000087180000)
 Metaspace       used 16428K, capacity 16854K, committed 17280K, reserved 1064960K
  class space    used 1932K, capacity 2059K, committed 2176K, reserved 1048576K
}

Deoptimization events (10 events):
Event: 3.214 Thread 0x00000000044de800 Uncommon trap: reason=range_check action=none pc=0x0000000004c75ddc method=sun.reflect.generics.parser.SignatureParser.current()C @ 34
Event: 3.214 Thread 0x00000000044de800 Uncommon trap: reason=range_check action=none pc=0x0000000004c75ddc method=sun.reflect.generics.parser.SignatureParser.current()C @ 34
Event: 3.215 Thread 0x00000000044de800 Uncommon trap: reason=range_check action=none pc=0x0000000004c75ddc method=sun.reflect.generics.parser.SignatureParser.current()C @ 34
Event: 3.223 Thread 0x00000000044de800 Uncommon trap: reason=range_check action=none pc=0x0000000004c75ddc method=sun.reflect.generics.parser.SignatureParser.current()C @ 34
Event: 3.223 Thread 0x00000000044de800 Uncommon trap: reason=range_check action=none pc=0x0000000004c75ddc method=sun.reflect.generics.parser.SignatureParser.current()C @ 34
Event: 3.223 Thread 0x00000000044de800 Uncommon trap: reason=range_check action=none pc=0x0000000004c75ddc method=sun.reflect.generics.parser.SignatureParser.current()C @ 34
Event: 3.224 Thread 0x00000000044de800 Uncommon trap: reason=range_check action=none pc=0x0000000004c75ddc method=sun.reflect.generics.parser.SignatureParser.current()C @ 34
Event: 3.242 Thread 0x00000000044de800 Uncommon trap: reason=bimorphic action=maybe_recompile pc=0x0000000004f8e544 method=java.util.regex.Pattern$CharProperty.match(Ljava/util/regex/Matcher;ILjava/lang/CharSequence;)Z @ 37
Event: 3.286 Thread 0x00000000044de800 Uncommon trap: reason=unstable_if action=reinterpret pc=0x00000000050b7f94 method=java.util.HashMap$HashIterator.<init>(Ljava/util/HashMap;)V @ 45
Event: 3.411 Thread 0x00000000044de800 Uncommon trap: reason=bimorphic action=maybe_recompile pc=0x0000000004fe09c0 method=java.util.concurrent.ConcurrentHashMap.get(Ljava/lang/Object;)Ljava/lang/Object; @ 149

Internal exceptions (10 events):
Event: 3.214 Thread 0x00000000044de800 Exception <a 'java/lang/ArrayIndexOutOfBoundsException': 81> (0x00000000d66e31d8) thrown at [C:\re\workspace\8-2-build-windows-amd64-cygwin\jdk8u144\9417\hotspot\src\share\vm\interpreter\interpreterRuntime.cpp, line 366]
Event: 3.214 Thread 0x00000000044de800 Exception <a 'java/lang/ArrayIndexOutOfBoundsException': 111> (0x00000000d66e4d58) thrown at [C:\re\workspace\8-2-build-windows-amd64-cygwin\jdk8u144\9417\hotspot\src\share\vm\interpreter\interpreterRuntime.cpp, line 366]
Event: 3.214 Thread 0x00000000044de800 Exception <a 'java/lang/ArrayIndexOutOfBoundsException': 113> (0x00000000d66e6a98) thrown at [C:\re\workspace\8-2-build-windows-amd64-cygwin\jdk8u144\9417\hotspot\src\share\vm\interpreter\interpreterRuntime.cpp, line 366]
Event: 3.214 Thread 0x00000000044de800 Exception <a 'java/lang/ArrayIndexOutOfBoundsException': 24> (0x00000000d66e7e48) thrown at [C:\re\workspace\8-2-build-windows-amd64-cygwin\jdk8u144\9417\hotspot\src\share\vm\interpreter\interpreterRuntime.cpp, line 366]
Event: 3.214 Thread 0x00000000044de800 Exception <a 'java/lang/ArrayIndexOutOfBoundsException': 86> (0x00000000d66e94f8) thrown at [C:\re\workspace\8-2-build-windows-amd64-cygwin\jdk8u144\9417\hotspot\src\share\vm\interpreter\interpreterRuntime.cpp, line 366]
Event: 3.215 Thread 0x00000000044de800 Exception <a 'java/lang/ArrayIndexOutOfBoundsException': 100> (0x00000000d66eac28) thrown at [C:\re\workspace\8-2-build-windows-amd64-cygwin\jdk8u144\9417\hotspot\src\share\vm\interpreter\interpreterRuntime.cpp, line 366]
Event: 3.223 Thread 0x00000000044de800 Exception <a 'java/lang/ArrayIndexOutOfBoundsException': 37> (0x00000000d6773748) thrown at [C:\re\workspace\8-2-build-windows-amd64-cygwin\jdk8u144\9417\hotspot\src\share\vm\interpreter\interpreterRuntime.cpp, line 366]
Event: 3.223 Thread 0x00000000044de800 Exception <a 'java/lang/ArrayIndexOutOfBoundsException': 72> (0x00000000d6774d90) thrown at [C:\re\workspace\8-2-build-windows-amd64-cygwin\jdk8u144\9417\hotspot\src\share\vm\interpreter\interpreterRuntime.cpp, line 366]
Event: 3.223 Thread 0x00000000044de800 Exception <a 'java/lang/ArrayIndexOutOfBoundsException': 83> (0x00000000d6776848) thrown at [C:\re\workspace\8-2-build-windows-amd64-cygwin\jdk8u144\9417\hotspot\src\share\vm\interpreter\interpreterRuntime.cpp, line 366]
Event: 3.224 Thread 0x00000000044de800 Exception <a 'java/lang/ArrayIndexOutOfBoundsException': 83> (0x00000000d6778220) thrown at [C:\re\workspace\8-2-build-windows-amd64-cygwin\jdk8u144\9417\hotspot\src\share\vm\interpreter\interpreterRuntime.cpp, line 366]

Events (10 events):
Event: 3.707 Thread 0x00000000044de800 DEOPT UNPACKING pc=0x000000000497787f sp=0x0000000004498e98 mode 1
Event: 3.707 Thread 0x00000000044de800 DEOPT PACKING pc=0x000000000528fb7c sp=0x00000000044991e0
Event: 3.707 Thread 0x00000000044de800 DEOPT UNPACKING pc=0x000000000497787f sp=0x0000000004498f78 mode 1
Event: 3.707 Thread 0x00000000044de800 DEOPT PACKING pc=0x000000000528f5cc sp=0x00000000044993f0
Event: 3.707 Thread 0x00000000044de800 DEOPT UNPACKING pc=0x000000000497787f sp=0x0000000004499118 mode 1
Event: 3.708 loading class org/apache/maven/plugin/Mojo
Event: 3.708 loading class org/apache/maven/plugin/Mojo done
Event: 3.708 Thread 0x00000000044de800 DEOPT PACKING pc=0x0000000004b71be1 sp=0x000000000449df60
Event: 3.708 Thread 0x00000000044de800 DEOPT UNPACKING pc=0x000000000497787f sp=0x000000000449dc90 mode 1
Event: 3.709 Thread 0x00000000044de800 DEOPT PACKING pc=0x0000000004e7e570 sp=0x000000000449dfb0


Dynamic libraries:
0x00007ff746170000 - 0x00007ff7461a7000 	C:\Program Files\Java\jdk1.8.0_144\bin\javaw.exe
0x00007ffdc5b40000 - 0x00007ffdc5d20000 	C:\WINDOWS\SYSTEM32\ntdll.dll
0x00007ffdc5a40000 - 0x00007ffdc5aee000 	C:\WINDOWS\System32\KERNEL32.DLL
0x00007ffdc1f40000 - 0x00007ffdc21a6000 	C:\WINDOWS\System32\KERNELBASE.dll
0x00007ffdc4e90000 - 0x00007ffdc4f31000 	C:\WINDOWS\System32\ADVAPI32.dll
0x00007ffdc4ce0000 - 0x00007ffdc4d7d000 	C:\WINDOWS\System32\msvcrt.dll
0x00007ffdc4e30000 - 0x00007ffdc4e8b000 	C:\WINDOWS\System32\sechost.dll
0x00007ffdc5490000 - 0x00007ffdc55af000 	C:\WINDOWS\System32\RPCRT4.dll
0x00007ffdc4f40000 - 0x00007ffdc50cf000 	C:\WINDOWS\System32\USER32.dll
0x00007ffdc2e90000 - 0x00007ffdc2eb0000 	C:\WINDOWS\System32\win32u.dll
0x00007ffdc55b0000 - 0x00007ffdc55d8000 	C:\WINDOWS\System32\GDI32.dll
0x00007ffdc2c70000 - 0x00007ffdc2e03000 	C:\WINDOWS\System32\gdi32full.dll
0x00007ffdc2bd0000 - 0x00007ffdc2c6b000 	C:\WINDOWS\System32\msvcp_win.dll
0x00007ffdc2ad0000 - 0x00007ffdc2bc6000 	C:\WINDOWS\System32\ucrtbase.dll
0x00007ffdb5ef0000 - 0x00007ffdb6159000 	C:\WINDOWS\WinSxS\amd64_microsoft.windows.common-controls_6595b64144ccf1df_6.0.16299.125_none_15cbcf8893620c09\COMCTL32.dll
0x00007ffdc44b0000 - 0x00007ffdc47b8000 	C:\WINDOWS\System32\combase.dll
0x00007ffdc2e10000 - 0x00007ffdc2e82000 	C:\WINDOWS\System32\bcryptPrimitives.dll
0x00007ffdc4cb0000 - 0x00007ffdc4cdd000 	C:\WINDOWS\System32\IMM32.DLL
0x0000000056190000 - 0x0000000056262000 	C:\Program Files\Java\jdk1.8.0_144\jre\bin\msvcr100.dll
0x00000000558f0000 - 0x000000005618d000 	C:\Program Files\Java\jdk1.8.0_144\jre\bin\server\jvm.dll
0x00007ffdc5a30000 - 0x00007ffdc5a38000 	C:\WINDOWS\System32\PSAPI.DLL
0x00007ffdbed30000 - 0x00007ffdbed53000 	C:\WINDOWS\SYSTEM32\WINMM.dll
0x00007ffdbee00000 - 0x00007ffdbee09000 	C:\WINDOWS\SYSTEM32\WSOCK32.dll
0x00007ffdc59b0000 - 0x00007ffdc5a1c000 	C:\WINDOWS\System32\WS2_32.dll
0x00007ffdbc4e0000 - 0x00007ffdbc4ea000 	C:\WINDOWS\SYSTEM32\VERSION.dll
0x00007ffdbece0000 - 0x00007ffdbed0a000 	C:\WINDOWS\SYSTEM32\WINMMBASE.dll
0x00007ffdc2fc0000 - 0x00007ffdc300a000 	C:\WINDOWS\System32\cfgmgr32.dll
0x00000000558e0000 - 0x00000000558ef000 	C:\Program Files\Java\jdk1.8.0_144\jre\bin\verify.dll
0x00000000558b0000 - 0x00000000558d9000 	C:\Program Files\Java\jdk1.8.0_144\jre\bin\java.dll
0x0000000055870000 - 0x00000000558a5000 	C:\Program Files\Java\jdk1.8.0_144\jre\bin\jdwp.dll
0x0000000055860000 - 0x0000000055868000 	C:\Program Files\Java\jdk1.8.0_144\jre\bin\npt.dll
0x0000000055840000 - 0x0000000055856000 	C:\Program Files\Java\jdk1.8.0_144\jre\bin\zip.dll
0x00007ffdc3070000 - 0x00007ffdc44a6000 	C:\WINDOWS\System32\SHELL32.dll
0x00007ffdc4d80000 - 0x00007ffdc4e26000 	C:\WINDOWS\System32\shcore.dll
0x00007ffdc2380000 - 0x00007ffdc2ac7000 	C:\WINDOWS\System32\windows.storage.dll
0x00007ffdc3010000 - 0x00007ffdc3061000 	C:\WINDOWS\System32\shlwapi.dll
0x00007ffdc1f00000 - 0x00007ffdc1f11000 	C:\WINDOWS\System32\kernel.appcore.dll
0x00007ffdc1eb0000 - 0x00007ffdc1efc000 	C:\WINDOWS\System32\powrprof.dll
0x00007ffdc1e90000 - 0x00007ffdc1eab000 	C:\WINDOWS\System32\profapi.dll
0x0000000055830000 - 0x0000000055839000 	C:\Program Files\Java\jdk1.8.0_144\jre\bin\dt_socket.dll
0x00007ffdb1b00000 - 0x00007ffdb1b16000 	C:\WINDOWS\system32\napinsp.dll
0x00007ffdb06f0000 - 0x00007ffdb070a000 	C:\WINDOWS\system32\pnrpnsp.dll
0x00007ffdbfb80000 - 0x00007ffdbfb98000 	C:\WINDOWS\system32\NLAapi.dll
0x00007ffdc1720000 - 0x00007ffdc1786000 	C:\WINDOWS\System32\mswsock.dll
0x00007ffdc14f0000 - 0x00007ffdc15a6000 	C:\WINDOWS\SYSTEM32\DNSAPI.dll
0x00007ffdc5a20000 - 0x00007ffdc5a28000 	C:\WINDOWS\System32\NSI.dll
0x00007ffdc14b0000 - 0x00007ffdc14e9000 	C:\WINDOWS\SYSTEM32\IPHLPAPI.DLL
0x00007ffdb1af0000 - 0x00007ffdb1afe000 	C:\WINDOWS\System32\winrnr.dll
0x00007ffdbbe40000 - 0x00007ffdbbeb0000 	C:\WINDOWS\System32\fwpuclnt.dll
0x00007ffdc19f0000 - 0x00007ffdc1a15000 	C:\WINDOWS\SYSTEM32\bcrypt.dll
0x00007ffdba450000 - 0x00007ffdba45a000 	C:\Windows\System32\rasadhlp.dll
0x0000000055810000 - 0x000000005582a000 	C:\Program Files\Java\jdk1.8.0_144\jre\bin\net.dll
0x00000000557f0000 - 0x0000000055801000 	C:\Program Files\Java\jdk1.8.0_144\jre\bin\nio.dll

VM Arguments:
jvm_args: -agentlib:jdwp=transport=dt_socket,suspend=y,address=localhost:13948 -Dmaven.home=EMBEDDED -Dclassworlds.conf=D:\workspace\.metadata\.plugins\org.eclipse.m2e.launching\launches\m2conf95336522565255824.tmp -Dmaven.multiModuleProjectDirectory=D:\workspace\hotel -Dfile.encoding=UTF-8 
java_command: org.codehaus.plexus.classworlds.launcher.Launcher -B tomcat7:run
java_class_path (initial): /C:/Program Files/eclipse-java-neon-3-win32-x86_64/eclipse/plugins/org.eclipse.m2e.maven.runtime_1.7.0.20160603-1931/jars/plexus-classworlds-2.5.2.jar
Launcher Type: SUN_STANDARD

Environment Variables:
JAVA_HOME=C:\Program Files\Java\jdk1.8.0_144
PATH=C:\Program Files\Java\jdk1.8.0_144\jre\bin;C:/Program Files/Java/jre1.8.0_161/bin/server;C:/Program Files/Java/jre1.8.0_161/bin;C:/Program Files/Java/jre1.8.0_161/lib/amd64;C:\Program Files\VanDyke Software\Clients\;C:\ProgramData\Oracle\Java\javapath;C:\Program Files (x86)\Intel\iCLS Client\;C:\Program Files\Intel\iCLS Client\;C:\Windows\system32;C:\Windows;C:\Windows\System32\Wbem;C:\Windows\System32\WindowsPowerShell\v1.0\;C:\Program Files (x86)\Intel\Intel(R) Management Engine Components\DAL;C:\Program Files\Intel\Intel(R) Management Engine Components\DAL;C:\Program Files (x86)\Intel\Intel(R) Management Engine Components\IPT;C:\Program Files\Intel\Intel(R) Management Engine Components\IPT;C:\Program Files\Java\jdk1.8.0_144\bin;C:\Program Files\Java\apache-maven-3.5.0\bin;C:\Program Files\MySQL\MySQL Utilities 1.6\;C:\Program Files\dotnet\;C:\Program Files\Microsoft SQL Server\130\Tools\Binn\;C:\Program Files\MySQL\MySQL Server 5.7\bin;C:\Program Files (x86)\NVIDIA Corporation\PhysX\Common;C:\Program Files\Git\cmd;C:\WINDOWS\system32;C:\WINDOWS;C:\WINDOWS\System32\Wbem;C:\WINDOWS\System32\WindowsPowerShell\v1.0\;D:\activator-1.2.7;C:\Users\llllllw\AppData\Local\Microsoft\WindowsApps;;C:\Program Files\eclipse-java-neon-3-win32-x86_64\eclipse;
USERNAME=llllllw
OS=Windows_NT
PROCESSOR_IDENTIFIER=Intel64 Family 6 Model 94 Stepping 3, GenuineIntel



---------------  S Y S T E M  ---------------

OS: Windows 10.0 , 64 bit Build 16299 (10.0.16299.15)

CPU:total 8 (initial active 8) (4 cores per cpu, 2 threads per core) family 6 model 94 stepping 3, cmov, cx8, fxsr, mmx, sse, sse2, sse3, ssse3, sse4.1, sse4.2, popcnt, avx, avx2, aes, clmul, erms, rtm, 3dnowpref, lzcnt, ht, tsc, tscinvbit, bmi1, bmi2, adx

Memory: 4k page, physical 8266696k(2082376k free), swap 19918516k(5876k free)

vm_info: Java HotSpot(TM) 64-Bit Server VM (25.144-b01) for windows-amd64 JRE (1.8.0_144-b01), built on Jul 21 2017 21:57:33 by "java_re" with MS VC++ 10.0 (VS2010)

time: Sat Apr 07 16:24:47 2018
elapsed time: 3 seconds (0d 0h 0m 3s)

